<?xml version="1.0" encoding="UTF-8"?>
<!-- Generated by org.testng.reporters.JUnitXMLReporter -->
<testsuite hostname="DESKTOP-01THEB1" ignored="0" name="Regression" tests="1" failures="1" timestamp="13 Jun 2018 16:25:40 GMT" time="30.3" errors="0">
  <testcase name="TC_01_BuyKundanPendant" time="19.941" classname="com.craftsvilla.testscripts.KundanJewelleryScripts">
    <failure type="java.lang.AssertionError" message="null">
      <![CDATA[java.lang.AssertionError: null
at com.craftsvilla.testscripts.KundanJewelleryScripts.TC_01_BuyKundanPendant(KundanJewelleryScripts.java:38)
... Removed 27 stack frames]]>
    </failure>
  </testcase> <!-- TC_01_BuyKundanPendant -->
</testsuite> <!-- Regression -->
